<?xml version="1.0" encoding="UTF-8"?>
<!-- Generated by org.testng.reporters.JUnitXMLReporter -->
<testsuite hostname="LAPTOP-AUG5HGQL" ignored="0" name="Test" tests="38" failures="0" timestamp="06 Nov 2020 01:00:14 GMT" time="0.278" errors="0">
  <testcase name="VerifyAdminchangePasswordwithValidandInvalidData" time="0.016" classname="tests.Admin"/>
  <testcase name="VerifyAdminchangePasswordwithexistingData" time="0.0" classname="tests.Admin"/>
  <testcase name="VerifyAdminchangePasswordwithoutData" time="0.0" classname="tests.Admin"/>
  <testcase name="VerifyAdminloginwithValidandInvalidData" time="0.0" classname="tests.Admin"/>
  <testcase name="VerifyAdminloginwithoutData" time="0.0" classname="tests.Admin"/>
  <testcase name="VerifyAdminlogout" time="0.0" classname="tests.Admin"/>
  <testcase name="VerifyallAdminHomelinks" time="0.0" classname="tests.Admin"/>
  <testcase name="Createanewbranchwithexistingbranchdata" time="0.0" classname="tests.NewBranch"/>
  <testcase name="Createanewbranchwithoutdata" time="0.0" classname="tests.NewBranch"/>
  <testcase name="Createanewbranchwithvalidandinvaliddata" time="0.0" classname="tests.NewBranch"/>
  <testcase name="UpdateBranchwithValidandInvalidData" time="0.0" classname="tests.NewBranch"/>
  <testcase name="UpdateBranchwithoutData" time="0.0" classname="tests.NewBranch"/>
  <testcase name="UpdatebranchwithexistingBranchData" time="0.0" classname="tests.NewBranch"/>
  <testcase name="VerifyBranchdeletionwithandwithoutdependencies" time="0.0" classname="tests.NewBranch"/>
  <testcase name="VerifyBranchsearchoption" time="0.0" classname="tests.NewBranch"/>
  <testcase name="Verifycanceloption" time="0.0" classname="tests.NewBranch"/>
  <testcase name="Verifyresetandcanceloption" time="0.0" classname="tests.NewBranch"/>
  <testcase name="CreateanewuserwithValidandInvalidData" time="0.015" classname="tests.NewUsers"/>
  <testcase name="CreateanewuserwithexistingBranchData" time="0.0" classname="tests.NewUsers"/>
  <testcase name="CreateanewuserwithoutData" time="0.0" classname="tests.NewUsers"/>
  <testcase name="UpdateuserwithValidandInvalidData" time="0.0" classname="tests.NewUsers"/>
  <testcase name="UpdateuserwithexistingData" time="0.016" classname="tests.NewUsers"/>
  <testcase name="Verifycancelandresetoption" time="0.0" classname="tests.NewUsers"/>
  <testcase name="Verifycanceloption" time="0.0" classname="tests.NewUsers"/>
  <testcase name="Verifydeletionoftheuser" time="0.015" classname="tests.NewUsers"/>
  <testcase name="Createanewrolewithoutdata" time="0.0" classname="tests.NewRole"/>
  <testcase name="Createanewrolewithvalidandinvaliddata" time="0.0" classname="tests.NewRole"/>
  <testcase name="ForcustomerVisitors" time="0.0" classname="tests.NewRole"/>
  <testcase name="Verifyallvisitororcustomerlinks" time="0.0" classname="tests.NewRole"/>
  <testcase name="VerifybankerloginwithValidorInvalidData" time="0.0" classname="tests.NewRole"/>
  <testcase name="VerifybankerloginwithoutData" time="0.016" classname="tests.NewRole"/>
  <testcase name="Verifycancelandresetoption" time="0.006" classname="tests.NewRole"/>
  <testcase name="VerifycustomersloginwithValidandInvalidData" time="0.016" classname="tests.NewRole"/>
  <testcase name="VerifycustomersloginwithoutData" time="0.0" classname="tests.NewRole"/>
  <testcase name="VerifylinksinroledetailsPage" time="0.0" classname="tests.NewRole"/>
  <testcase name="Verifynewrolewithexistingdata" time="0.0" classname="tests.NewRole"/>
  <testcase name="Verifyroledeletionwithandwithoutdependency" time="0.0" classname="tests.NewRole"/>
  <testcase name="Verifyroledescriptionandroletypes" time="0.047" classname="tests.NewRole"/>
</testsuite> <!-- Test -->
