<?xml version="1.0" encoding="UTF-8"?>
<!-- Generated by org.testng.reporters.JUnitXMLReporter -->
<testsuite hostname="LAPTOP-AUG5HGQL" ignored="1" name="Admin" tests="6" failures="0" timestamp="06 Nov 2020 01:48:45 GMT" time="0.07" errors="0">
  <testcase name="VerifyAdminchangePasswordwithValidandInvalidData" time="0.016" classname="tests.Admin"/>
  <testcase name="VerifyAdminchangePasswordwithexistingData" time="0.002" classname="tests.Admin"/>
  <testcase name="VerifyAdminchangePasswordwithoutData" time="0.003" classname="tests.Admin"/>
  <testcase name="VerifyAdminloginwithValidandInvalidData" time="0.002" classname="tests.Admin"/>
  <testcase name="VerifyAdminlogout" time="0.003" classname="tests.Admin"/>
  <testcase name="VerifyallAdminHomelinks" time="0.002" classname="tests.Admin"/>
  <testcase name="VerifyAdminloginwithoutData" time="0.0" classname="tests.Admin">
    <ignored/>
  </testcase> <!-- VerifyAdminloginwithoutData -->
</testsuite> <!-- Admin -->
