<?xml version="1.0" encoding="UTF-8"?>
<!-- Generated by org.testng.reporters.JUnitXMLReporter -->
<testsuite hostname="LAPTOP-AUG5HGQL" ignored="1" name="NewBranch" tests="9" failures="0" timestamp="06 Nov 2020 01:48:45 GMT" time="0.033" errors="0">
  <testcase name="Createanewbranchwithexistingbranchdata" time="0.002" classname="tests.NewBranch"/>
  <testcase name="Createanewbranchwithoutdata" time="0.002" classname="tests.NewBranch"/>
  <testcase name="Createanewbranchwithvalidandinvaliddata" time="0.004" classname="tests.NewBranch"/>
  <testcase name="UpdateBranchwithValidandInvalidData" time="0.001" classname="tests.NewBranch"/>
  <testcase name="UpdatebranchwithexistingBranchData" time="0.002" classname="tests.NewBranch"/>
  <testcase name="VerifyBranchdeletionwithandwithoutdependencies" time="0.001" classname="tests.NewBranch"/>
  <testcase name="VerifyBranchsearchoption" time="0.001" classname="tests.NewBranch"/>
  <testcase name="Verifycanceloption" time="0.002" classname="tests.NewBranch"/>
  <testcase name="Verifyresetandcanceloption" time="0.002" classname="tests.NewBranch"/>
  <testcase name="UpdateBranchwithoutData" time="0.0" classname="tests.NewBranch">
    <ignored/>
  </testcase> <!-- UpdateBranchwithoutData -->
</testsuite> <!-- NewBranch -->
