<?xml version="1.0" encoding="UTF-8"?>
<!-- Generated by org.testng.reporters.JUnitXMLReporter -->
<testsuite hostname="LAPTOP-AUG5HGQL" ignored="1" name="NewUsers" tests="7" failures="0" timestamp="06 Nov 2020 01:48:45 GMT" time="0.036" errors="0">
  <testcase name="CreateanewuserwithValidandInvalidData" time="0.002" classname="tests.NewUsers"/>
  <testcase name="CreateanewuserwithexistingBranchData" time="0.001" classname="tests.NewUsers"/>
  <testcase name="UpdateuserwithValidandInvalidData" time="0.002" classname="tests.NewUsers"/>
  <testcase name="UpdateuserwithexistingData" time="0.001" classname="tests.NewUsers"/>
  <testcase name="Verifycancelandresetoption" time="0.001" classname="tests.NewUsers"/>
  <testcase name="Verifycanceloption" time="0.012" classname="tests.NewUsers"/>
  <testcase name="Verifydeletionoftheuser" time="0.001" classname="tests.NewUsers"/>
  <testcase name="CreateanewuserwithoutData" time="0.0" classname="tests.NewUsers">
    <ignored/>
  </testcase> <!-- CreateanewuserwithoutData -->
</testsuite> <!-- NewUsers -->
